<?xml version="1.0" encoding="utf-8"?><testsuites><testsuite name="pytest" errors="0" failures="0" skipped="0" tests="179" time="17.666" timestamp="2024-01-18T16:37:21.564273" hostname="DanielsLaptop"><testcase classname="multi_x_serverless.tests.deployment.client.test_multi_x_serverless.TestMultiXServerless" name="test_main_general_exception" time="0.003" /><testcase classname="multi_x_serverless.tests.deployment.client.test_multi_x_serverless.TestMultiXServerless" name="test_main_no_exceptions" time="0.001" /><testcase classname="multi_x_serverless.tests.deployment.client.test_multi_x_serverless.TestMultiXServerless" name="test_main_no_region_error" time="0.002" /><testcase classname="multi_x_serverless.tests.deployment.client.test_multi_x_serverless_function.TestMultiXServerlessFunction" name="test_init" time="0.001" /><testcase classname="multi_x_serverless.tests.deployment.client.test_multi_x_serverless_function.TestMultiXServerlessFunction" name="test_is_waiting_for_predecessors" time="0.005" /><testcase classname="multi_x_serverless.tests.deployment.client.test_multi_x_serverless_function.TestMultiXServerlessFunction" name="test_validate_function_name" time="0.001" /><testcase classname="multi_x_serverless.tests.deployment.client.test_multi_x_serverless_workflow.TestMultiXServerlessWorkflow" name="test_get_current_instance_provider_region_instance_name" time="0.029" /><testcase classname="multi_x_serverless.tests.deployment.client.test_multi_x_serverless_workflow.TestMultiXServerlessWorkflow" name="test_get_function__name__from_frame" time="0.028" /><testcase classname="multi_x_serverless.tests.deployment.client.test_multi_x_serverless_workflow.TestMultiXServerlessWorkflow" name="test_get_function_and_wrapper_frame_no_current_frame" time="0.027" /><testcase classname="multi_x_serverless.tests.deployment.client.test_multi_x_serverless_workflow.TestMultiXServerlessWorkflow" name="test_get_function_and_wrapper_frame_no_wrapper_frame" time="0.026" /><testcase classname="multi_x_serverless.tests.deployment.client.test_multi_x_serverless_workflow.TestMultiXServerlessWorkflow" name="test_get_function_and_wrapper_frame_no_wrapper_frame_inner" time="0.026" /><testcase classname="multi_x_serverless.tests.deployment.client.test_multi_x_serverless_workflow.TestMultiXServerlessWorkflow" name="test_get_next_instance_name" time="0.028" /><testcase classname="multi_x_serverless.tests.deployment.client.test_multi_x_serverless_workflow.TestMultiXServerlessWorkflow" name="test_get_next_instance_name_multiple_successor_instances_no_match" time="0.026" /><testcase classname="multi_x_serverless.tests.deployment.client.test_multi_x_serverless_workflow.TestMultiXServerlessWorkflow" name="test_get_next_instance_name_no_current_instance" time="0.027" /><testcase classname="multi_x_serverless.tests.deployment.client.test_multi_x_serverless_workflow.TestMultiXServerlessWorkflow" name="test_get_next_instance_name_no_successor_instance" time="0.027" /><testcase classname="multi_x_serverless.tests.deployment.client.test_multi_x_serverless_workflow.TestMultiXServerlessWorkflow" name="test_get_next_instance_name_non_merge_successor" time="0.028" /><testcase classname="multi_x_serverless.tests.deployment.client.test_multi_x_serverless_workflow.TestMultiXServerlessWorkflow" name="test_get_predecessor_data" time="0.043" /><testcase classname="multi_x_serverless.tests.deployment.client.test_multi_x_serverless_workflow.TestMultiXServerlessWorkflow" name="test_get_successors" time="0.028" /><testcase classname="multi_x_serverless.tests.deployment.client.test_multi_x_serverless_workflow.TestMultiXServerlessWorkflow" name="test_get_workflow_placement_decision" time="0.027" /><testcase classname="multi_x_serverless.tests.deployment.client.test_multi_x_serverless_workflow.TestMultiXServerlessWorkflow" name="test_invoke_serverless_function_invoke_second_invocation" time="0.029" /><testcase classname="multi_x_serverless.tests.deployment.client.test_multi_x_serverless_workflow.TestMultiXServerlessWorkflow" name="test_invoke_serverless_function_json_argument" time="0.027" /><testcase classname="multi_x_serverless.tests.deployment.client.test_multi_x_serverless_workflow.TestMultiXServerlessWorkflow" name="test_invoke_serverless_function_no_payload" time="0.029" /><testcase classname="multi_x_serverless.tests.deployment.client.test_multi_x_serverless_workflow.TestMultiXServerlessWorkflow" name="test_invoke_serverless_function_simple" time="0.026" /><testcase classname="multi_x_serverless.tests.deployment.client.test_multi_x_serverless_workflow.TestMultiXServerlessWorkflow" name="test_invoke_serverless_function_with_merge_successor" time="0.028" /><testcase classname="multi_x_serverless.tests.deployment.client.test_multi_x_serverless_workflow.TestMultiXServerlessWorkflow" name="test_invoke_serverless_function_with_multiple_merge_successor" time="0.029" /><testcase classname="multi_x_serverless.tests.deployment.client.test_multi_x_serverless_workflow.TestMultiXServerlessWorkflow" name="test_is_entry_point" time="0.029" /><testcase classname="multi_x_serverless.tests.deployment.client.test_multi_x_serverless_workflow.TestMultiXServerlessWorkflow" name="test_register_function" time="0.026" /><testcase classname="multi_x_serverless.tests.deployment.client.test_multi_x_serverless_workflow.TestMultiXServerlessWorkflow" name="test_register_function_duplicate_function_name" time="0.027" /><testcase classname="multi_x_serverless.tests.deployment.client.test_multi_x_serverless_workflow.TestMultiXServerlessWorkflow" name="test_register_function_duplicate_name" time="0.026" /><testcase classname="multi_x_serverless.tests.deployment.client.test_multi_x_serverless_workflow.TestMultiXServerlessWorkflow" name="test_serverless_function" time="0.029" /><testcase classname="multi_x_serverless.tests.deployment.client.test_multi_x_serverless_workflow.TestMultiXServerlessWorkflow" name="test_serverless_function_with_environment_variables" time="0.029" /><testcase classname="multi_x_serverless.tests.deployment.client.cli.test_config_schema" name="test_config_conforms_to_schema" time="0.005" /><testcase classname="multi_x_serverless.tests.deployment.client.cli.test_config_schema" name="test_validate_config_unsupported_provider" time="0.001" /><testcase classname="multi_x_serverless.tests.deployment.client.cli.test_config_schema" name="test_validate_config_aws_missing_memory" time="0.001" /><testcase classname="multi_x_serverless.tests.deployment.client.cli.test_config_schema" name="test_validate_config_aws_missing_timeout" time="0.001" /><testcase classname="multi_x_serverless.tests.deployment.client.cli.test_config_schema" name="test_validate_config_aws_valid_config" time="0.000" /><testcase classname="multi_x_serverless.tests.deployment.client.cli.test_config_schema" name="test_validate_config_gcp_valid_config" time="0.000" /><testcase classname="multi_x_serverless.tests.deployment.client.cli.test_new_workflow.TestCreateNewWorkflowDirectory" name="test_create_new_workflow_directory" time="0.005" /><testcase classname="multi_x_serverless.tests.deployment.client.cli.test_new_workflow.TestCreateNewWorkflowDirectory" name="test_create_new_workflow_directory_already_exists" time="0.002" /><testcase classname="multi_x_serverless.tests.deployment.client.factories.test_cli_factory.TestCLIFactory" name="test_load_workflow_app" time="0.002" /><testcase classname="multi_x_serverless.tests.deployment.client.factories.test_cli_factory.TestCLIFactory" name="test_validate_config" time="0.000" /><testcase classname="multi_x_serverless.tests.deployment.common.test_config.TestConfig" name="test_constraints" time="0.001" /><testcase classname="multi_x_serverless.tests.deployment.common.test_config.TestConfig" name="test_environment_variables" time="0.000" /><testcase classname="multi_x_serverless.tests.deployment.common.test_config.TestConfig" name="test_environment_variables_invalid_key_type" time="0.000" /><testcase classname="multi_x_serverless.tests.deployment.common.test_config.TestConfig" name="test_environment_variables_invalid_value_type" time="0.000" /><testcase classname="multi_x_serverless.tests.deployment.common.test_config.TestConfig" name="test_environment_variables_none" time="0.001" /><testcase classname="multi_x_serverless.tests.deployment.common.test_config.TestConfig" name="test_estimated_invocations_per_month" time="0.000" /><testcase classname="multi_x_serverless.tests.deployment.common.test_config.TestConfig" name="test_home_regions" time="0.000" /><testcase classname="multi_x_serverless.tests.deployment.common.test_config.TestConfig" name="test_iam_policy_file" time="0.000" /><testcase classname="multi_x_serverless.tests.deployment.common.test_config.TestConfig" name="test_python_version_2" time="0.000" /><testcase classname="multi_x_serverless.tests.deployment.common.test_config.TestConfig" name="test_python_version_3_10" time="0.000" /><testcase classname="multi_x_serverless.tests.deployment.common.test_config.TestConfig" name="test_python_version_3_11" time="0.000" /><testcase classname="multi_x_serverless.tests.deployment.common.test_config.TestConfig" name="test_python_version_3_6" time="0.000" /><testcase classname="multi_x_serverless.tests.deployment.common.test_config.TestConfig" name="test_regions_and_providers" time="0.001" /><testcase classname="multi_x_serverless.tests.deployment.common.test_config.TestConfig" name="test_workflow_app" time="0.027" /><testcase classname="multi_x_serverless.tests.deployment.common.test_config.TestConfig" name="test_workflow_app_lookup_failure" time="0.001" /><testcase classname="multi_x_serverless.tests.deployment.common.test_config.TestConfig" name="test_workflow_name" time="0.001" /><testcase classname="multi_x_serverless.tests.deployment.common.deploy.test_deployer.TestDeployer" name="test_deploy_with_client_error" time="0.030" /><testcase classname="multi_x_serverless.tests.deployment.common.deploy.test_deployer.TestDeployer" name="test_deploy_with_existing_workflow" time="0.028" /><testcase classname="multi_x_serverless.tests.deployment.common.deploy.test_deployer.TestDeployer" name="test_deploy_without_deployment_config" time="0.031" /><testcase classname="multi_x_serverless.tests.deployment.common.deploy.test_deployer.TestDeployer" name="test_deploy_without_executor" time="0.027" /><testcase classname="multi_x_serverless.tests.deployment.common.deploy.test_deployer.TestDeployer" name="test_filter_function_to_deployment_regions" time="0.029" /><testcase classname="multi_x_serverless.tests.deployment.common.deploy.test_deployer.TestDeployer" name="test_merge_deployed_regions" time="0.028" /><testcase classname="multi_x_serverless.tests.deployment.common.deploy.test_deployer.TestDeployer" name="test_re_deploy_with_client_error" time="0.028" /><testcase classname="multi_x_serverless.tests.deployment.common.deploy.test_deployer.TestDeployer" name="test_re_deploy_without_executor" time="0.029" /><testcase classname="multi_x_serverless.tests.deployment.common.deploy.test_deployer.TestDeployer" name="test_re_deploy_workflow_not_deployed" time="0.028" /><testcase classname="multi_x_serverless.tests.deployment.common.deploy.test_deployer.TestDeployer" name="test_upload_deployment_package_resource" time="0.055" /><testcase classname="multi_x_serverless.tests.deployment.common.deploy.test_deployer.TestDeployer" name="test_upload_workflow_to_deployer_server" time="0.028" /><testcase classname="multi_x_serverless.tests.deployment.common.deploy.test_deployer.TestDeployer" name="test_upload_workflow_to_solver_update_checker" time="0.028" /><testcase classname="multi_x_serverless.tests.deployment.common.deploy.test_deployment_packager.TestDeploymentPackager" name="test__add_application_files" time="0.004" /><testcase classname="multi_x_serverless.tests.deployment.common.deploy.test_deployment_packager.TestDeploymentPackager" name="test__add_mutli_x_serverless_dependency" time="0.002" /><testcase classname="multi_x_serverless.tests.deployment.common.deploy.test_deployment_packager.TestDeploymentPackager" name="test__build_dependencies" time="0.001" /><testcase classname="multi_x_serverless.tests.deployment.common.deploy.test_deployment_packager.TestDeploymentPackager" name="test__download_deployment_package" time="0.004" /><testcase classname="multi_x_serverless.tests.deployment.common.deploy.test_deployment_packager.TestDeploymentPackager" name="test__download_deployment_package_with_none_content" time="0.004" /><testcase classname="multi_x_serverless.tests.deployment.common.deploy.test_deployment_packager.TestDeploymentPackager" name="test_add_py_dependencies" time="0.003" /><testcase classname="multi_x_serverless.tests.deployment.common.deploy.test_deployment_packager.TestDeploymentPackager" name="test_build" time="0.001" /><testcase classname="multi_x_serverless.tests.deployment.common.deploy.test_deployment_packager.TestDeploymentPackager" name="test_create_deployment_package" time="0.003" /><testcase classname="multi_x_serverless.tests.deployment.common.deploy.test_deployment_packager.TestDeploymentPackager" name="test_create_deployment_package_no_requirements" time="0.002" /><testcase classname="multi_x_serverless.tests.deployment.common.deploy.test_deployment_packager.TestDeploymentPackager" name="test_pip_import_string" time="0.001" /><testcase classname="multi_x_serverless.tests.deployment.common.deploy.test_deployment_packager.TestDeploymentPackager" name="test_re_build" time="0.001" /><testcase classname="multi_x_serverless.tests.deployment.common.deploy.test_executor.TestExecutor" name="test_default_handler" time="0.001" /><testcase classname="multi_x_serverless.tests.deployment.common.deploy.test_executor.TestExecutor" name="test_execute_apicall" time="0.002" /><testcase classname="multi_x_serverless.tests.deployment.common.deploy.test_executor.TestExecutor" name="test_execute_apicall_with_client_error" time="0.002" /><testcase classname="multi_x_serverless.tests.deployment.common.deploy.test_executor.TestExecutor" name="test_execute_recordresourcevariable" time="0.009" /><testcase classname="multi_x_serverless.tests.deployment.common.deploy.test_executor.TestExecutor" name="test_resolve_variables" time="0.001" /><testcase classname="multi_x_serverless.tests.deployment.common.deploy.test_workflow_builder.TestWorkflowBuilder" name="test_build_func_environment_variables" time="0.003" /><testcase classname="multi_x_serverless.tests.deployment.common.deploy.test_workflow_builder.TestWorkflowBuilder" name="test_build_workflow_and_config_name_not_equals" time="0.002" /><testcase classname="multi_x_serverless.tests.deployment.common.deploy.test_workflow_builder.TestWorkflowBuilder" name="test_build_workflow_cycle_in_function_calls" time="0.002" /><testcase classname="multi_x_serverless.tests.deployment.common.deploy.test_workflow_builder.TestWorkflowBuilder" name="test_build_workflow_merge_case_multiple_incoming" time="0.002" /><testcase classname="multi_x_serverless.tests.deployment.common.deploy.test_workflow_builder.TestWorkflowBuilder" name="test_build_workflow_merge_case_self_cycle" time="0.002" /><testcase classname="multi_x_serverless.tests.deployment.common.deploy.test_workflow_builder.TestWorkflowBuilder" name="test_build_workflow_merge_cycle" time="0.002" /><testcase classname="multi_x_serverless.tests.deployment.common.deploy.test_workflow_builder.TestWorkflowBuilder" name="test_build_workflow_merge_working" time="0.002" /><testcase classname="multi_x_serverless.tests.deployment.common.deploy.test_workflow_builder.TestWorkflowBuilder" name="test_build_workflow_multiple_entry_points" time="0.002" /><testcase classname="multi_x_serverless.tests.deployment.common.deploy.test_workflow_builder.TestWorkflowBuilder" name="test_build_workflow_no_entry_point" time="0.001" /><testcase classname="multi_x_serverless.tests.deployment.common.deploy.test_workflow_builder.TestWorkflowBuilder" name="test_build_workflow_self_call" time="0.002" /><testcase classname="multi_x_serverless.tests.deployment.common.deploy.test_workflow_builder.TestWorkflowBuilder" name="test_cycle_detection" time="0.002" /><testcase classname="multi_x_serverless.tests.deployment.common.deploy.test_workflow_builder.TestWorkflowBuilder" name="test_cycle_detection_no_cycle" time="0.003" /><testcase classname="multi_x_serverless.tests.deployment.common.deploy.test_workflow_builder.TestWorkflowBuilder" name="test_get_function_role_with_policy_file" time="0.003" /><testcase classname="multi_x_serverless.tests.deployment.common.deploy.test_workflow_builder.TestWorkflowBuilder" name="test_get_function_role_without_policy_file" time="0.002" /><testcase classname="multi_x_serverless.tests.deployment.common.deploy.models.test_deployment_plan.TestDeploymentPlan" name="test_str" time="0.001" /><testcase classname="multi_x_serverless.tests.deployment.common.deploy.models.test_function.TestFunction" name="test_dependencies" time="0.010" /><testcase classname="multi_x_serverless.tests.deployment.common.deploy.models.test_function.TestFunction" name="test_get_deployment_instructions" time="0.012" /><testcase classname="multi_x_serverless.tests.deployment.common.deploy.models.test_function.TestFunction" name="test_get_deployment_instructions_deployment_package_not_built" time="0.012" /><testcase classname="multi_x_serverless.tests.deployment.common.deploy.models.test_function.TestFunction" name="test_get_deployment_instructions_gcp" time="0.010" /><testcase classname="multi_x_serverless.tests.deployment.common.deploy.models.test_function.TestFunction" name="test_initialise_remote_states" time="0.009" /><testcase classname="multi_x_serverless.tests.deployment.common.deploy.models.test_iam_role.TestIAMRole" name="test_dependencies" time="0.001" /><testcase classname="multi_x_serverless.tests.deployment.common.deploy.models.test_iam_role.TestIAMRole" name="test_get_policy_with_non_existent_provider" time="0.001" /><testcase classname="multi_x_serverless.tests.deployment.common.deploy.models.test_iam_role.TestIAMRole" name="test_init_with_existing_policy_file" time="0.003" /><testcase classname="multi_x_serverless.tests.deployment.common.deploy.models.test_iam_role.TestIAMRole" name="test_init_with_invalid_policy_file" time="0.000" /><testcase classname="multi_x_serverless.tests.deployment.common.deploy.models.test_iam_role.TestIAMRole" name="test_init_with_non_dict_policy" time="0.000" /><testcase classname="multi_x_serverless.tests.deployment.common.deploy.models.test_iam_role.TestIAMRole" name="test_init_with_non_existing_policy_file" time="0.001" /><testcase classname="multi_x_serverless.tests.deployment.common.deploy.models.test_iam_role.TestIAMRole" name="test_repr" time="0.000" /><testcase classname="multi_x_serverless.tests.deployment.common.deploy.models.test_iam_role.TestIAMRole" name="test_to_json" time="0.000" /><testcase classname="multi_x_serverless.tests.deployment.common.deploy.models.test_resource.TestResource" name="test_dependencies" time="0.001" /><testcase classname="multi_x_serverless.tests.deployment.common.deploy.models.test_resource.TestResource" name="test_eq" time="0.000" /><testcase classname="multi_x_serverless.tests.deployment.common.deploy.models.test_resource.TestResource" name="test_get_deployment_instructions" time="0.000" /><testcase classname="multi_x_serverless.tests.deployment.common.deploy.models.test_resource.TestResource" name="test_init" time="0.000" /><testcase classname="multi_x_serverless.tests.deployment.common.deploy.models.test_resource.TestResource" name="test_repr" time="0.000" /><testcase classname="multi_x_serverless.tests.deployment.common.deploy.models.test_workflow.TestWorkflow" name="test__get_entry_point_instance_name" time="0.002" /><testcase classname="multi_x_serverless.tests.deployment.common.deploy.models.test_workflow.TestWorkflow" name="test_dependencies" time="0.002" /><testcase classname="multi_x_serverless.tests.deployment.common.deploy.models.test_workflow.TestWorkflow" name="test_extend_stage_area_placement" time="0.001" /><testcase classname="multi_x_serverless.tests.deployment.common.deploy.models.test_workflow.TestWorkflow" name="test_get_deployment_instructions" time="0.002" /><testcase classname="multi_x_serverless.tests.deployment.common.deploy.models.test_workflow.TestWorkflow" name="test_get_deployment_packages" time="0.001" /><testcase classname="multi_x_serverless.tests.deployment.common.deploy.models.test_workflow.TestWorkflow" name="test_get_function_instance_to_identifier" time="0.001" /><testcase classname="multi_x_serverless.tests.deployment.common.deploy.models.test_workflow.TestWorkflow" name="test_get_instance_description" time="0.002" /><testcase classname="multi_x_serverless.tests.deployment.common.deploy.models.test_workflow.TestWorkflow" name="test_get_instance_description_error_instance_not_dict" time="0.001" /><testcase classname="multi_x_serverless.tests.deployment.common.deploy.models.test_workflow.TestWorkflow" name="test_get_instance_description_error_instances_not_list" time="0.002" /><testcase classname="multi_x_serverless.tests.deployment.common.deploy.models.test_workflow.TestWorkflow" name="test_get_instance_description_error_no_config" time="0.001" /><testcase classname="multi_x_serverless.tests.deployment.common.deploy.models.test_workflow.TestWorkflow" name="test_get_workflow_placement" time="0.001" /><testcase classname="multi_x_serverless.tests.deployment.common.deploy.models.test_workflow.TestWorkflow" name="test_get_workflow_placement_decision" time="0.002" /><testcase classname="multi_x_serverless.tests.deployment.common.deploy.models.test_workflow.TestWorkflow" name="test_get_workflow_placement_decision_extend_staging" time="0.002" /><testcase classname="multi_x_serverless.tests.deployment.common.deploy.models.test_workflow.TestWorkflow" name="test_init" time="0.002" /><testcase classname="multi_x_serverless.tests.deployment.common.deploy_instructions.test_aws_deploy_instructions.TestAWSDeployInstructions" name="test_get_deployment_instructions" time="0.004" /><testcase classname="multi_x_serverless.tests.deployment.common.factories.test_deploy_instruction_factory.TestDeployInstructionFactory" name="test_get_deploy_instructions_aws" time="0.000" /><testcase classname="multi_x_serverless.tests.deployment.common.factories.test_deploy_instruction_factory.TestDeployInstructionFactory" name="test_get_deploy_instructions_gcp" time="0.000" /><testcase classname="multi_x_serverless.tests.deployment.common.factories.test_deploy_instruction_factory.TestDeployInstructionFactory" name="test_get_deploy_instructions_unknown" time="0.001" /><testcase classname="multi_x_serverless.tests.deployment.common.factories.test_deployer_factory.TestDeployerFactory" name="test_create_config_obj" time="0.001" /><testcase classname="multi_x_serverless.tests.deployment.common.factories.test_deployer_factory.TestDeployerFactory" name="test_create_config_obj_from_dict" time="0.000" /><testcase classname="multi_x_serverless.tests.deployment.common.factories.test_deployer_factory.TestDeployerFactory" name="test_create_deletion_deployer" time="0.025" /><testcase classname="multi_x_serverless.tests.deployment.common.factories.test_deployer_factory.TestDeployerFactory" name="test_create_deployer" time="0.026" /><testcase classname="multi_x_serverless.tests.deployment.common.factories.test_deployer_factory.TestDeployerFactory" name="test_load_project_config" time="0.003" /><testcase classname="multi_x_serverless.tests.deployment.common.factories.test_deployer_factory.TestDeployerFactory" name="test_validate_allowed_and_disallowed_regions_and_providers" time="0.001" /><testcase classname="multi_x_serverless.tests.deployment.common.factories.test_remote_client_factory.TestRemoteClientFactory" name="test_get_remote_client_aws" time="0.010" /><testcase classname="multi_x_serverless.tests.deployment.common.factories.test_remote_client_factory.TestRemoteClientFactory" name="test_get_remote_client_gcp" time="0.000" /><testcase classname="multi_x_serverless.tests.deployment.common.factories.test_remote_client_factory.TestRemoteClientFactory" name="test_get_remote_client_unknown" time="0.000" /><testcase classname="multi_x_serverless.tests.deployment.common.remote_client.test_aws_remote_client.TestAWSRemoteClient" name="test_add_lambda_permission_for_sns_topic" time="0.012" /><testcase classname="multi_x_serverless.tests.deployment.common.remote_client.test_aws_remote_client.TestAWSRemoteClient" name="test_client" time="0.010" /><testcase classname="multi_x_serverless.tests.deployment.common.remote_client.test_aws_remote_client.TestAWSRemoteClient" name="test_create_function" time="0.011" /><testcase classname="multi_x_serverless.tests.deployment.common.remote_client.test_aws_remote_client.TestAWSRemoteClient" name="test_create_lambda_function" time="0.011" /><testcase classname="multi_x_serverless.tests.deployment.common.remote_client.test_aws_remote_client.TestAWSRemoteClient" name="test_create_role" time="10.014" /><testcase classname="multi_x_serverless.tests.deployment.common.remote_client.test_aws_remote_client.TestAWSRemoteClient" name="test_create_sns_topic" time="0.023" /><testcase classname="multi_x_serverless.tests.deployment.common.remote_client.test_aws_remote_client.TestAWSRemoteClient" name="test_get_iam_role" time="0.013" /><testcase classname="multi_x_serverless.tests.deployment.common.remote_client.test_aws_remote_client.TestAWSRemoteClient" name="test_get_lambda_function" time="0.014" /><testcase classname="multi_x_serverless.tests.deployment.common.remote_client.test_aws_remote_client.TestAWSRemoteClient" name="test_get_predecessor_data" time="0.010" /><testcase classname="multi_x_serverless.tests.deployment.common.remote_client.test_aws_remote_client.TestAWSRemoteClient" name="test_iam_role_exists" time="0.012" /><testcase classname="multi_x_serverless.tests.deployment.common.remote_client.test_aws_remote_client.TestAWSRemoteClient" name="test_increment_counter" time="0.011" /><testcase classname="multi_x_serverless.tests.deployment.common.remote_client.test_aws_remote_client.TestAWSRemoteClient" name="test_lambda_function_exists" time="0.009" /><testcase classname="multi_x_serverless.tests.deployment.common.remote_client.test_aws_remote_client.TestAWSRemoteClient" name="test_put_role_policy" time="0.012" /><testcase classname="multi_x_serverless.tests.deployment.common.remote_client.test_aws_remote_client.TestAWSRemoteClient" name="test_resource_exists" time="0.010" /><testcase classname="multi_x_serverless.tests.deployment.common.remote_client.test_aws_remote_client.TestAWSRemoteClient" name="test_send_message_to_messaging_service" time="0.010" /><testcase classname="multi_x_serverless.tests.deployment.common.remote_client.test_aws_remote_client.TestAWSRemoteClient" name="test_subscribe_sns_topic" time="0.011" /><testcase classname="multi_x_serverless.tests.deployment.common.remote_client.test_aws_remote_client.TestAWSRemoteClient" name="test_update_function" time="5.013" /><testcase classname="multi_x_serverless.tests.deployment.common.remote_client.test_aws_remote_client.TestAWSRemoteClient" name="test_update_role" time="0.011" /><testcase classname="multi_x_serverless.tests.deployment.common.remote_client.test_aws_remote_client.TestAWSRemoteClient" name="test_upload_message_for_merge" time="0.013" /><testcase classname="multi_x_serverless.tests.deployment.common.remote_client.test_aws_remote_client.TestAWSRemoteClient" name="test_wait_for_function_to_become_active" time="0.011" /><testcase classname="multi_x_serverless.tests.deployment.common.remote_client.test_aws_remote_client.TestAWSRemoteClient" name="test_wait_for_function_to_become_active_timeout" time="0.012" /><testcase classname="multi_x_serverless.tests.deployment.common.remote_client.test_aws_remote_client.TestAWSRemoteClient" name="test_wait_for_role_to_become_active" time="0.011" /><testcase classname="multi_x_serverless.tests.deployment.common.remote_client.test_remote_client.TestRemoteClient" name="test_invoke_function" time="0.001" /><testcase classname="multi_x_serverless.tests.routing.formatting.test_formatter.TestFormatter" name="test_format" time="0.001" /><testcase classname="multi_x_serverless.tests.routing.models.test_dag.TestDAG" name="test_add_edge" time="0.006" /><testcase classname="multi_x_serverless.tests.routing.models.test_dag.TestDAG" name="test_add_edge_nonexistent_nodes" time="0.001" /><testcase classname="multi_x_serverless.tests.routing.models.test_dag.TestDAG" name="test_init" time="0.001" /><testcase classname="multi_x_serverless.tests.routing.ranker.test_ranker.TestRanker" name="test__get_number_of_violated_constraints" time="0.001" /><testcase classname="multi_x_serverless.tests.routing.ranker.test_ranker.TestRanker" name="test_rank_with_priority_order_no_constraints" time="0.001" /><testcase classname="multi_x_serverless.tests.routing.ranker.test_ranker.TestRanker" name="test_rank_with_soft_resource_constraints_no_priority_order" time="0.001" /><testcase classname="multi_x_serverless.tests.routing.ranker.test_ranker.TestRanker" name="test_rank_with_soft_resource_constraints_with_priority_order" time="0.001" /><testcase classname="multi_x_serverless.tests.routing.ranker.test_ranker.TestRanker" name="test_rank_without_priority" time="0.001" /><testcase classname="multi_x_serverless.tests.routing.solver.test_solver.TestSolver" name="test_get_dag_representation" time="0.028" /><testcase classname="multi_x_serverless.tests.routing.solver.test_topological_solver.TestTopologicalSolver" name="test_solver_simple_line" time="0.028" /></testsuite></testsuites>